# JRE version: 7.0_21-b11
# Java VM: Java HotSpot(TM) Client VM (23.21-b01 mixed mode, sharing windows-x86 )
Heap
 def new generation   total 4928K, used 2103K [0x23a40000, 0x23f90000, 0x28f90000)
  eden space 4416K,  36% used [0x23a40000, 0x23bcdf60, 0x23e90000)
  from space 512K,  99% used [0x23f10000, 0x23f8fff8, 0x23f90000)
  to   space 512K,   0% used [0x23e90000, 0x23e90000, 0x23f10000)
 tenured generation   total 10944K, used 4619K [0x28f90000, 0x29a40000, 0x33a40000)
   the space 10944K,  42% used [0x28f90000, 0x29412f20, 0x29413000, 0x29a40000)
 compacting perm gen  total 12288K, used 3646K [0x33a40000, 0x34640000, 0x37a40000)
   the space 12288K,  29% used [0x33a40000, 0x33dcf988, 0x33dcfa00, 0x34640000)
    ro space 10240K,  42% used [0x37a40000, 0x37e822a0, 0x37e82400, 0x38440000)
    rw space 12288K,  54% used [0x38440000, 0x38ac3250, 0x38ac3400, 0x39040000)
GC Heap History (10 events):
Event: 500.911 GC heap before
{Heap before GC invocations=2 (full 0):
 def new generation   total 4928K, used 4928K [0x23a40000, 0x23f90000, 0x28f90000)
  eden space 4416K, 100% used [0x23a40000, 0x23e90000, 0x23e90000)
  from space 512K, 100% used [0x23e90000, 0x23f10000, 0x23f10000)
  to   space 512K,   0% used [0x23f10000, 0x23f10000, 0x23f90000)
 tenured generation   total 10944K, used 1526K [0x28f90000, 0x29a40000, 0x33a40000)
   the space 10944K,  13% used [0x28f90000, 0x2910d980, 0x2910da00, 0x29a40000)
 compacting perm gen  total 12288K, used 3047K [0x33a40000, 0x34640000, 0x37a40000)
   the space 12288K,  24% used [0x33a40000, 0x33d39d88, 0x33d39e00, 0x34640000)
    ro space 10240K,  42% used [0x37a40000, 0x37e822a0, 0x37e82400, 0x38440000)
    rw space 12288K,  54% used [0x38440000, 0x38ac3250, 0x38ac3400, 0x39040000)
Event: 500.923 GC heap after
Heap after GC invocations=3 (full 0):
 def new generation   total 4928K, used 511K [0x23a40000, 0x23f90000, 0x28f90000)
  eden space 4416K,   0% used [0x23a40000, 0x23a40000, 0x23e90000)
  from space 512K,  99% used [0x23f10000, 0x23f8fff8, 0x23f90000)
  to   space 512K,   0% used [0x23e90000, 0x23e90000, 0x23f10000)
 tenured generation   total 10944K, used 2118K [0x28f90000, 0x29a40000, 0x33a40000)
   the space 10944K,  19% used [0x28f90000, 0x291a1bf8, 0x291a1c00, 0x29a40000)
 compacting perm gen  total 12288K, used 3047K [0x33a40000, 0x34640000, 0x37a40000)
   the space 12288K,  24% used [0x33a40000, 0x33d39d88, 0x33d39e00, 0x34640000)
    ro space 10240K,  42% used [0x37a40000, 0x37e822a0, 0x37e82400, 0x38440000)
    rw space 12288K,  54% used [0x38440000, 0x38ac3250, 0x38ac3400, 0x39040000)
}
Event: 501.460 GC heap before
{Heap before GC invocations=3 (full 0):
 def new generation   total 4928K, used 4927K [0x23a40000, 0x23f90000, 0x28f90000)
  eden space 4416K, 100% used [0x23a40000, 0x23e90000, 0x23e90000)
  from space 512K,  99% used [0x23f10000, 0x23f8fff8, 0x23f90000)
  to   space 512K,   0% used [0x23e90000, 0x23e90000, 0x23f10000)
 tenured generation   total 10944K, used 2118K [0x28f90000, 0x29a40000, 0x33a40000)
   the space 10944K,  19% used [0x28f90000, 0x291a1bf8, 0x291a1c00, 0x29a40000)
 compacting perm gen  total 12288K, used 3490K [0x33a40000, 0x34640000, 0x37a40000)
   the space 12288K,  28% used [0x33a40000, 0x33da89a8, 0x33da8a00, 0x34640000)
    ro space 10240K,  42% used [0x37a40000, 0x37e822a0, 0x37e82400, 0x38440000)
    rw space 12288K,  54% used [0x38440000, 0x38ac3250, 0x38ac3400, 0x39040000)
Event: 501.464 GC heap after
Heap after GC invocations=4 (full 0):
 def new generation   total 4928K, used 512K [0x23a40000, 0x23f90000, 0x28f90000)
  eden space 4416K,   0% used [0x23a40000, 0x23a40000, 0x23e90000)
  from space 512K, 100% used [0x23e90000, 0x23f10000, 0x23f10000)
  to   space 512K,   0% used [0x23f10000, 0x23f10000, 0x23f90000)
 tenured generation   total 10944K, used 2338K [0x28f90000, 0x29a40000, 0x33a40000)
   the space 10944K,  21% used [0x28f90000, 0x291d8820, 0x291d8a00, 0x29a40000)
 compacting perm gen  total 12288K, used 3490K [0x33a40000, 0x34640000, 0x37a40000)
   the space 12288K,  28% used [0x33a40000, 0x33da89a8, 0x33da8a00, 0x34640000)
    ro space 10240K,  42% used [0x37a40000, 0x37e822a0, 0x37e82400, 0x38440000)
    rw space 12288K,  54% used [0x38440000, 0x38ac3250, 0x38ac3400, 0x39040000)
}
Event: 504.379 GC heap before
{Heap before GC invocations=4 (full 0):
 def new generation   total 4928K, used 4922K [0x23a40000, 0x23f90000, 0x28f90000)
  eden space 4416K,  99% used [0x23a40000, 0x23e8ebe0, 0x23e90000)
  from space 512K, 100% used [0x23e90000, 0x23f10000, 0x23f10000)
  to   space 512K,   0% used [0x23f10000, 0x23f10000, 0x23f90000)
 tenured generation   total 10944K, used 2338K [0x28f90000, 0x29a40000, 0x33a40000)
   the space 10944K,  21% used [0x28f90000, 0x291d8820, 0x291d8a00, 0x29a40000)
 compacting perm gen  total 12288K, used 3635K [0x33a40000, 0x34640000, 0x37a40000)
   the space 12288K,  29% used [0x33a40000, 0x33dcce88, 0x33dcd000, 0x34640000)
    ro space 10240K,  42% used [0x37a40000, 0x37e822a0, 0x37e82400, 0x38440000)
    rw space 12288K,  54% used [0x38440000, 0x38ac3250, 0x38ac3400, 0x39040000)
Event: 504.389 GC heap after
Heap after GC invocations=5 (full 0):
 def new generation   total 4928K, used 512K [0x23a40000, 0x23f90000, 0x28f90000)
  eden space 4416K,   0% used [0x23a40000, 0x23a40000, 0x23e90000)
  from space 512K, 100% used [0x23f10000, 0x23f90000, 0x23f90000)
  to   space 512K,   0% used [0x23e90000, 0x23e90000, 0x23f10000)
 tenured generation   total 10944K, used 2934K [0x28f90000, 0x29a40000, 0x33a40000)
   the space 10944K,  26% used [0x28f90000, 0x2926db80, 0x2926dc00, 0x29a40000)
 compacting perm gen  total 12288K, used 3635K [0x33a40000, 0x34640000, 0x37a40000)
   the space 12288K,  29% used [0x33a40000, 0x33dcce88, 0x33dcd000, 0x34640000)
    ro space 10240K,  42% used [0x37a40000, 0x37e822a0, 0x37e82400, 0x38440000)
    rw space 12288K,  54% used [0x38440000, 0x38ac3250, 0x38ac3400, 0x39040000)
}
Event: 516.785 GC heap before
{Heap before GC invocations=5 (full 0):
 def new generation   total 4928K, used 4928K [0x23a40000, 0x23f90000, 0x28f90000)
  eden space 4416K, 100% used [0x23a40000, 0x23e90000, 0x23e90000)
  from space 512K, 100% used [0x23f10000, 0x23f90000, 0x23f90000)
  to   space 512K,   0% used [0x23e90000, 0x23e90000, 0x23f10000)
 tenured generation   total 10944K, used 2934K [0x28f90000, 0x29a40000, 0x33a40000)
   the space 10944K,  26% used [0x28f90000, 0x2926db80, 0x2926dc00, 0x29a40000)
 compacting perm gen  total 12288K, used 3646K [0x33a40000, 0x34640000, 0x37a40000)
   the space 12288K,  29% used [0x33a40000, 0x33dcf978, 0x33dcfa00, 0x34640000)
    ro space 10240K,  42% used [0x37a40000, 0x37e822a0, 0x37e82400, 0x38440000)
    rw space 12288K,  54% used [0x38440000, 0x38ac3250, 0x38ac3400, 0x39040000)
Event: 516.794 GC heap after
Heap after GC invocations=6 (full 0):
 def new generation   total 4928K, used 511K [0x23a40000, 0x23f90000, 0x28f90000)
  eden space 4416K,   0% used [0x23a40000, 0x23a40000, 0x23e90000)
  from space 512K,  99% used [0x23e90000, 0x23f0fff8, 0x23f10000)
  to   space 512K,   0% used [0x23f10000, 0x23f10000, 0x23f90000)
 tenured generation   total 10944K, used 3782K [0x28f90000, 0x29a40000, 0x33a40000)
   the space 10944K,  34% used [0x28f90000, 0x293419b8, 0x29341a00, 0x29a40000)
 compacting perm gen  total 12288K, used 3646K [0x33a40000, 0x34640000, 0x37a40000)
   the space 12288K,  29% used [0x33a40000, 0x33dcf978, 0x33dcfa00, 0x34640000)
    ro space 10240K,  42% used [0x37a40000, 0x37e822a0, 0x37e82400, 0x38440000)
    rw space 12288K,  54% used [0x38440000, 0x38ac3250, 0x38ac3400, 0x39040000)
}
Event: 533.760 GC heap before
{Heap before GC invocations=6 (full 0):
 def new generation   total 4928K, used 4927K [0x23a40000, 0x23f90000, 0x28f90000)
  eden space 4416K, 100% used [0x23a40000, 0x23e90000, 0x23e90000)
  from space 512K,  99% used [0x23e90000, 0x23f0fff8, 0x23f10000)
  to   space 512K,   0% used [0x23f10000, 0x23f10000, 0x23f90000)
 tenured generation   total 10944K, used 3782K [0x28f90000, 0x29a40000, 0x33a40000)
   the space 10944K,  34% used [0x28f90000, 0x293419b8, 0x29341a00, 0x29a40000)
 compacting perm gen  total 12288K, used 3646K [0x33a40000, 0x34640000, 0x37a40000)
   the space 12288K,  29% used [0x33a40000, 0x33dcf988, 0x33dcfa00, 0x34640000)
    ro space 10240K,  42% used [0x37a40000, 0x37e822a0, 0x37e82400, 0x38440000)
    rw space 12288K,  54% used [0x38440000, 0x38ac3250, 0x38ac3400, 0x39040000)
Event: 533.765 GC heap after
Heap after GC invocations=7 (full 0):
 def new generation   total 4928K, used 511K [0x23a40000, 0x23f90000, 0x28f90000)
  eden space 4416K,   0% used [0x23a40000, 0x23a40000, 0x23e90000)
  from space 512K,  99% used [0x23f10000, 0x23f8fff8, 0x23f90000)
  to   space 512K,   0% used [0x23e90000, 0x23e90000, 0x23f10000)
 tenured generation   total 10944K, used 4619K [0x28f90000, 0x29a40000, 0x33a40000)
   the space 10944K,  42% used [0x28f90000, 0x29412f20, 0x29413000, 0x29a40000)
 compacting perm gen  total 12288K, used 3646K [0x33a40000, 0x34640000, 0x37a40000)
   the space 12288K,  29% used [0x33a40000, 0x33dcf988, 0x33dcfa00, 0x34640000)
    ro space 10240K,  42% used [0x37a40000, 0x37e822a0, 0x37e82400, 0x38440000)
    rw space 12288K,  54% used [0x38440000, 0x38ac3250, 0x38ac3400, 0x39040000)
}

