# JRE version: 7.0_21-b11
# Java VM: Java HotSpot(TM) Client VM (23.21-b01 mixed mode, sharing windows-x86 )
Heap
 def new generation   total 4928K, used 1354K [0x23a40000, 0x23f90000, 0x28f90000)
  eden space 4416K,  19% used [0x23a40000, 0x23b128f0, 0x23e90000)
  from space 512K,  99% used [0x23e90000, 0x23f0fff8, 0x23f10000)
  to   space 512K,   0% used [0x23f10000, 0x23f10000, 0x23f90000)
 tenured generation   total 10944K, used 2517K [0x28f90000, 0x29a40000, 0x33a40000)
   the space 10944K,  22% used [0x28f90000, 0x29205440, 0x29205600, 0x29a40000)
 compacting perm gen  total 12288K, used 3652K [0x33a40000, 0x34640000, 0x37a40000)
   the space 12288K,  29% used [0x33a40000, 0x33dd12a0, 0x33dd1400, 0x34640000)
    ro space 10240K,  42% used [0x37a40000, 0x37e822a0, 0x37e82400, 0x38440000)
    rw space 12288K,  54% used [0x38440000, 0x38ac3250, 0x38ac3400, 0x39040000)
GC Heap History (8 events):
Event: 9.228 GC heap before
{Heap before GC invocations=0 (full 0):
 def new generation   total 4928K, used 4416K [0x23a40000, 0x23f90000, 0x28f90000)
  eden space 4416K, 100% used [0x23a40000, 0x23e90000, 0x23e90000)
  from space 512K,   0% used [0x23e90000, 0x23e90000, 0x23f10000)
  to   space 512K,   0% used [0x23f10000, 0x23f10000, 0x23f90000)
 tenured generation   total 10944K, used 0K [0x28f90000, 0x29a40000, 0x33a40000)
   the space 10944K,   0% used [0x28f90000, 0x28f90000, 0x28f90200, 0x29a40000)
 compacting perm gen  total 12288K, used 1369K [0x33a40000, 0x34640000, 0x37a40000)
   the space 12288K,  11% used [0x33a40000, 0x33b966a0, 0x33b96800, 0x34640000)
    ro space 10240K,  42% used [0x37a40000, 0x37e822a0, 0x37e82400, 0x38440000)
    rw space 12288K,  54% used [0x38440000, 0x38ac3250, 0x38ac3400, 0x39040000)
Event: 9.233 GC heap after
Heap after GC invocations=1 (full 0):
 def new generation   total 4928K, used 512K [0x23a40000, 0x23f90000, 0x28f90000)
  eden space 4416K,   0% used [0x23a40000, 0x23a40000, 0x23e90000)
  from space 512K, 100% used [0x23f10000, 0x23f90000, 0x23f90000)
  to   space 512K,   0% used [0x23e90000, 0x23e90000, 0x23f10000)
 tenured generation   total 10944K, used 428K [0x28f90000, 0x29a40000, 0x33a40000)
   the space 10944K,   3% used [0x28f90000, 0x28ffb190, 0x28ffb200, 0x29a40000)
 compacting perm gen  total 12288K, used 1369K [0x33a40000, 0x34640000, 0x37a40000)
   the space 12288K,  11% used [0x33a40000, 0x33b966a0, 0x33b96800, 0x34640000)
    ro space 10240K,  42% used [0x37a40000, 0x37e822a0, 0x37e82400, 0x38440000)
    rw space 12288K,  54% used [0x38440000, 0x38ac3250, 0x38ac3400, 0x39040000)
}
Event: 9.453 GC heap before
{Heap before GC invocations=1 (full 0):
 def new generation   total 4928K, used 4928K [0x23a40000, 0x23f90000, 0x28f90000)
  eden space 4416K, 100% used [0x23a40000, 0x23e90000, 0x23e90000)
  from space 512K, 100% used [0x23f10000, 0x23f90000, 0x23f90000)
  to   space 512K,   0% used [0x23e90000, 0x23e90000, 0x23f10000)
 tenured generation   total 10944K, used 428K [0x28f90000, 0x29a40000, 0x33a40000)
   the space 10944K,   3% used [0x28f90000, 0x28ffb190, 0x28ffb200, 0x29a40000)
 compacting perm gen  total 12288K, used 2340K [0x33a40000, 0x34640000, 0x37a40000)
   the space 12288K,  19% used [0x33a40000, 0x33c89010, 0x33c89200, 0x34640000)
    ro space 10240K,  42% used [0x37a40000, 0x37e822a0, 0x37e82400, 0x38440000)
    rw space 12288K,  54% used [0x38440000, 0x38ac3250, 0x38ac3400, 0x39040000)
Event: 9.458 GC heap after
Heap after GC invocations=2 (full 0):
 def new generation   total 4928K, used 512K [0x23a40000, 0x23f90000, 0x28f90000)
  eden space 4416K,   0% used [0x23a40000, 0x23a40000, 0x23e90000)
  from space 512K, 100% used [0x23e90000, 0x23f10000, 0x23f10000)
  to   space 512K,   0% used [0x23f10000, 0x23f10000, 0x23f90000)
 tenured generation   total 10944K, used 1370K [0x28f90000, 0x29a40000, 0x33a40000)
   the space 10944K,  12% used [0x28f90000, 0x290e6ab8, 0x290e6c00, 0x29a40000)
 compacting perm gen  total 12288K, used 2340K [0x33a40000, 0x34640000, 0x37a40000)
   the space 12288K,  19% used [0x33a40000, 0x33c89010, 0x33c89200, 0x34640000)
    ro space 10240K,  42% used [0x37a40000, 0x37e822a0, 0x37e82400, 0x38440000)
    rw space 12288K,  54% used [0x38440000, 0x38ac3250, 0x38ac3400, 0x39040000)
}
Event: 9.728 GC heap before
{Heap before GC invocations=2 (full 0):
 def new generation   total 4928K, used 4928K [0x23a40000, 0x23f90000, 0x28f90000)
  eden space 4416K, 100% used [0x23a40000, 0x23e90000, 0x23e90000)
  from space 512K, 100% used [0x23e90000, 0x23f10000, 0x23f10000)
  to   space 512K,   0% used [0x23f10000, 0x23f10000, 0x23f90000)
 tenured generation   total 10944K, used 1370K [0x28f90000, 0x29a40000, 0x33a40000)
   the space 10944K,  12% used [0x28f90000, 0x290e6ab8, 0x290e6c00, 0x29a40000)
 compacting perm gen  total 12288K, used 3103K [0x33a40000, 0x34640000, 0x37a40000)
   the space 12288K,  25% used [0x33a40000, 0x33d47f68, 0x33d48000, 0x34640000)
    ro space 10240K,  42% used [0x37a40000, 0x37e822a0, 0x37e82400, 0x38440000)
    rw space 12288K,  54% used [0x38440000, 0x38ac3250, 0x38ac3400, 0x39040000)
Event: 9.733 GC heap after
Heap after GC invocations=3 (full 0):
 def new generation   total 4928K, used 512K [0x23a40000, 0x23f90000, 0x28f90000)
  eden space 4416K,   0% used [0x23a40000, 0x23a40000, 0x23e90000)
  from space 512K, 100% used [0x23f10000, 0x23f90000, 0x23f90000)
  to   space 512K,   0% used [0x23e90000, 0x23e90000, 0x23f10000)
 tenured generation   total 10944K, used 2197K [0x28f90000, 0x29a40000, 0x33a40000)
   the space 10944K,  20% used [0x28f90000, 0x291b5478, 0x291b5600, 0x29a40000)
 compacting perm gen  total 12288K, used 3103K [0x33a40000, 0x34640000, 0x37a40000)
   the space 12288K,  25% used [0x33a40000, 0x33d47f68, 0x33d48000, 0x34640000)
    ro space 10240K,  42% used [0x37a40000, 0x37e822a0, 0x37e82400, 0x38440000)
    rw space 12288K,  54% used [0x38440000, 0x38ac3250, 0x38ac3400, 0x39040000)
}
Event: 10.025 GC heap before
{Heap before GC invocations=3 (full 0):
 def new generation   total 4928K, used 4927K [0x23a40000, 0x23f90000, 0x28f90000)
  eden space 4416K,  99% used [0x23a40000, 0x23e8ff28, 0x23e90000)
  from space 512K, 100% used [0x23f10000, 0x23f90000, 0x23f90000)
  to   space 512K,   0% used [0x23e90000, 0x23e90000, 0x23f10000)
 tenured generation   total 10944K, used 2197K [0x28f90000, 0x29a40000, 0x33a40000)
   the space 10944K,  20% used [0x28f90000, 0x291b5478, 0x291b5600, 0x29a40000)
 compacting perm gen  total 12288K, used 3535K [0x33a40000, 0x34640000, 0x37a40000)
   the space 12288K,  28% used [0x33a40000, 0x33db3dd8, 0x33db3e00, 0x34640000)
    ro space 10240K,  42% used [0x37a40000, 0x37e822a0, 0x37e82400, 0x38440000)
    rw space 12288K,  54% used [0x38440000, 0x38ac3250, 0x38ac3400, 0x39040000)
Event: 10.033 GC heap after
Heap after GC invocations=4 (full 0):
 def new generation   total 4928K, used 511K [0x23a40000, 0x23f90000, 0x28f90000)
  eden space 4416K,   0% used [0x23a40000, 0x23a40000, 0x23e90000)
  from space 512K,  99% used [0x23e90000, 0x23f0fff8, 0x23f10000)
  to   space 512K,   0% used [0x23f10000, 0x23f10000, 0x23f90000)
 tenured generation   total 10944K, used 2517K [0x28f90000, 0x29a40000, 0x33a40000)
   the space 10944K,  22% used [0x28f90000, 0x29205440, 0x29205600, 0x29a40000)
 compacting perm gen  total 12288K, used 3535K [0x33a40000, 0x34640000, 0x37a40000)
   the space 12288K,  28% used [0x33a40000, 0x33db3dd8, 0x33db3e00, 0x34640000)
    ro space 10240K,  42% used [0x37a40000, 0x37e822a0, 0x37e82400, 0x38440000)
    rw space 12288K,  54% used [0x38440000, 0x38ac3250, 0x38ac3400, 0x39040000)
}

