# JRE version: 7.0_21-b11
# Java VM: Java HotSpot(TM) Client VM (23.21-b01 mixed mode, sharing windows-x86 )
Heap
 def new generation   total 4928K, used 2985K [0x23a40000, 0x23f90000, 0x28f90000)
  eden space 4416K,  56% used [0x23a40000, 0x23caa658, 0x23e90000)
  from space 512K,  99% used [0x23e90000, 0x23f0ffe8, 0x23f10000)
  to   space 512K,   0% used [0x23f10000, 0x23f10000, 0x23f90000)
 tenured generation   total 10944K, used 2752K [0x28f90000, 0x29a40000, 0x33a40000)
   the space 10944K,  25% used [0x28f90000, 0x29240030, 0x29240200, 0x29a40000)
 compacting perm gen  total 12288K, used 4214K [0x33a40000, 0x34640000, 0x37a40000)
   the space 12288K,  34% used [0x33a40000, 0x33e5d820, 0x33e5da00, 0x34640000)
    ro space 10240K,  42% used [0x37a40000, 0x37e822a0, 0x37e82400, 0x38440000)
    rw space 12288K,  54% used [0x38440000, 0x38ac3250, 0x38ac3400, 0x39040000)
GC Heap History (8 events):
Event: 110.231 GC heap before
{Heap before GC invocations=0 (full 0):
 def new generation   total 4928K, used 4416K [0x23a40000, 0x23f90000, 0x28f90000)
  eden space 4416K, 100% used [0x23a40000, 0x23e90000, 0x23e90000)
  from space 512K,   0% used [0x23e90000, 0x23e90000, 0x23f10000)
  to   space 512K,   0% used [0x23f10000, 0x23f10000, 0x23f90000)
 tenured generation   total 10944K, used 0K [0x28f90000, 0x29a40000, 0x33a40000)
   the space 10944K,   0% used [0x28f90000, 0x28f90000, 0x28f90200, 0x29a40000)
 compacting perm gen  total 12288K, used 1337K [0x33a40000, 0x34640000, 0x37a40000)
   the space 12288K,  10% used [0x33a40000, 0x33b8e5d8, 0x33b8e600, 0x34640000)
    ro space 10240K,  42% used [0x37a40000, 0x37e822a0, 0x37e82400, 0x38440000)
    rw space 12288K,  54% used [0x38440000, 0x38ac3250, 0x38ac3400, 0x39040000)
Event: 110.236 GC heap after
Heap after GC invocations=1 (full 0):
 def new generation   total 4928K, used 512K [0x23a40000, 0x23f90000, 0x28f90000)
  eden space 4416K,   0% used [0x23a40000, 0x23a40000, 0x23e90000)
  from space 512K, 100% used [0x23f10000, 0x23f90000, 0x23f90000)
  to   space 512K,   0% used [0x23e90000, 0x23e90000, 0x23f10000)
 tenured generation   total 10944K, used 621K [0x28f90000, 0x29a40000, 0x33a40000)
   the space 10944K,   5% used [0x28f90000, 0x2902b6c0, 0x2902b800, 0x29a40000)
 compacting perm gen  total 12288K, used 1337K [0x33a40000, 0x34640000, 0x37a40000)
   the space 12288K,  10% used [0x33a40000, 0x33b8e5d8, 0x33b8e600, 0x34640000)
    ro space 10240K,  42% used [0x37a40000, 0x37e822a0, 0x37e82400, 0x38440000)
    rw space 12288K,  54% used [0x38440000, 0x38ac3250, 0x38ac3400, 0x39040000)
}
Event: 114.256 GC heap before
{Heap before GC invocations=1 (full 0):
 def new generation   total 4928K, used 4928K [0x23a40000, 0x23f90000, 0x28f90000)
  eden space 4416K, 100% used [0x23a40000, 0x23e90000, 0x23e90000)
  from space 512K, 100% used [0x23f10000, 0x23f90000, 0x23f90000)
  to   space 512K,   0% used [0x23e90000, 0x23e90000, 0x23f10000)
 tenured generation   total 10944K, used 621K [0x28f90000, 0x29a40000, 0x33a40000)
   the space 10944K,   5% used [0x28f90000, 0x2902b6c0, 0x2902b800, 0x29a40000)
 compacting perm gen  total 12288K, used 2461K [0x33a40000, 0x34640000, 0x37a40000)
   the space 12288K,  20% used [0x33a40000, 0x33ca7708, 0x33ca7800, 0x34640000)
    ro space 10240K,  42% used [0x37a40000, 0x37e822a0, 0x37e82400, 0x38440000)
    rw space 12288K,  54% used [0x38440000, 0x38ac3250, 0x38ac3400, 0x39040000)
Event: 114.262 GC heap after
Heap after GC invocations=2 (full 0):
 def new generation   total 4928K, used 512K [0x23a40000, 0x23f90000, 0x28f90000)
  eden space 4416K,   0% used [0x23a40000, 0x23a40000, 0x23e90000)
  from space 512K, 100% used [0x23e90000, 0x23f10000, 0x23f10000)
  to   space 512K,   0% used [0x23f10000, 0x23f10000, 0x23f90000)
 tenured generation   total 10944K, used 1469K [0x28f90000, 0x29a40000, 0x33a40000)
   the space 10944K,  13% used [0x28f90000, 0x290ff540, 0x290ff600, 0x29a40000)
 compacting perm gen  total 12288K, used 2461K [0x33a40000, 0x34640000, 0x37a40000)
   the space 12288K,  20% used [0x33a40000, 0x33ca7708, 0x33ca7800, 0x34640000)
    ro space 10240K,  42% used [0x37a40000, 0x37e822a0, 0x37e82400, 0x38440000)
    rw space 12288K,  54% used [0x38440000, 0x38ac3250, 0x38ac3400, 0x39040000)
}
Event: 114.586 GC heap before
{Heap before GC invocations=2 (full 0):
 def new generation   total 4928K, used 4745K [0x23a40000, 0x23f90000, 0x28f90000)
  eden space 4416K,  95% used [0x23a40000, 0x23e62668, 0x23e90000)
  from space 512K, 100% used [0x23e90000, 0x23f10000, 0x23f10000)
  to   space 512K,   0% used [0x23f10000, 0x23f10000, 0x23f90000)
 tenured generation   total 10944K, used 1469K [0x28f90000, 0x29a40000, 0x33a40000)
   the space 10944K,  13% used [0x28f90000, 0x290ff540, 0x290ff600, 0x29a40000)
 compacting perm gen  total 12288K, used 3543K [0x33a40000, 0x34640000, 0x37a40000)
   the space 12288K,  28% used [0x33a40000, 0x33db5f20, 0x33db6000, 0x34640000)
    ro space 10240K,  42% used [0x37a40000, 0x37e822a0, 0x37e82400, 0x38440000)
    rw space 12288K,  54% used [0x38440000, 0x38ac3250, 0x38ac3400, 0x39040000)
Event: 114.593 GC heap after
Heap after GC invocations=3 (full 0):
 def new generation   total 4928K, used 512K [0x23a40000, 0x23f90000, 0x28f90000)
  eden space 4416K,   0% used [0x23a40000, 0x23a40000, 0x23e90000)
  from space 512K, 100% used [0x23f10000, 0x23f90000, 0x23f90000)
  to   space 512K,   0% used [0x23e90000, 0x23e90000, 0x23f10000)
 tenured generation   total 10944K, used 2210K [0x28f90000, 0x29a40000, 0x33a40000)
   the space 10944K,  20% used [0x28f90000, 0x291b8b90, 0x291b8c00, 0x29a40000)
 compacting perm gen  total 12288K, used 3543K [0x33a40000, 0x34640000, 0x37a40000)
   the space 12288K,  28% used [0x33a40000, 0x33db5f20, 0x33db6000, 0x34640000)
    ro space 10240K,  42% used [0x37a40000, 0x37e822a0, 0x37e82400, 0x38440000)
    rw space 12288K,  54% used [0x38440000, 0x38ac3250, 0x38ac3400, 0x39040000)
}
Event: 114.960 GC heap before
{Heap before GC invocations=3 (full 0):
 def new generation   total 4928K, used 4928K [0x23a40000, 0x23f90000, 0x28f90000)
  eden space 4416K, 100% used [0x23a40000, 0x23e90000, 0x23e90000)
  from space 512K, 100% used [0x23f10000, 0x23f90000, 0x23f90000)
  to   space 512K,   0% used [0x23e90000, 0x23e90000, 0x23f10000)
 tenured generation   total 10944K, used 2210K [0x28f90000, 0x29a40000, 0x33a40000)
   the space 10944K,  20% used [0x28f90000, 0x291b8b90, 0x291b8c00, 0x29a40000)
 compacting perm gen  total 12288K, used 3920K [0x33a40000, 0x34640000, 0x37a40000)
   the space 12288K,  31% used [0x33a40000, 0x33e14338, 0x33e14400, 0x34640000)
    ro space 10240K,  42% used [0x37a40000, 0x37e822a0, 0x37e82400, 0x38440000)
    rw space 12288K,  54% used [0x38440000, 0x38ac3250, 0x38ac3400, 0x39040000)
Event: 114.964 GC heap after
Heap after GC invocations=4 (full 0):
 def new generation   total 4928K, used 511K [0x23a40000, 0x23f90000, 0x28f90000)
  eden space 4416K,   0% used [0x23a40000, 0x23a40000, 0x23e90000)
  from space 512K,  99% used [0x23e90000, 0x23f0ffe8, 0x23f10000)
  to   space 512K,   0% used [0x23f10000, 0x23f10000, 0x23f90000)
 tenured generation   total 10944K, used 2752K [0x28f90000, 0x29a40000, 0x33a40000)
   the space 10944K,  25% used [0x28f90000, 0x29240030, 0x29240200, 0x29a40000)
 compacting perm gen  total 12288K, used 3920K [0x33a40000, 0x34640000, 0x37a40000)
   the space 12288K,  31% used [0x33a40000, 0x33e14338, 0x33e14400, 0x34640000)
    ro space 10240K,  42% used [0x37a40000, 0x37e822a0, 0x37e82400, 0x38440000)
    rw space 12288K,  54% used [0x38440000, 0x38ac3250, 0x38ac3400, 0x39040000)
}

