# JRE version: 7.0_09-b05
# Java VM: Java HotSpot(TM) 64-Bit Server VM (23.5-b02 mixed mode windows-amd64 compressed oops)
Heap
 PSYoungGen      total 18048K, used 13927K [0x00000000eb400000, 0x00000000ec9a0000, 0x0000000100000000)
  eden space 14592K, 92% used [0x00000000eb400000,0x00000000ec1378f8,0x00000000ec240000)
  from space 3456K, 11% used [0x00000000ec5f0000,0x00000000ec652400,0x00000000ec950000)
  to   space 3776K, 0% used [0x00000000ec240000,0x00000000ec240000,0x00000000ec5f0000)
 ParOldGen       total 42496K, used 4702K [0x00000000c1c00000, 0x00000000c4580000, 0x00000000eb400000)
  object space 42496K, 11% used [0x00000000c1c00000,0x00000000c2097bd8,0x00000000c4580000)
 PSPermGen       total 21248K, used 12852K [0x00000000bca00000, 0x00000000bdec0000, 0x00000000c1c00000)
  object space 21248K, 60% used [0x00000000bca00000,0x00000000bd68d098,0x00000000bdec0000)
GC Heap History (10 events):
Event: 1220.082 GC heap before
{Heap before GC invocations=4 (full 0):
 PSYoungGen      total 18624K, used 18599K [0x00000000eb400000, 0x00000000ec8c0000, 0x0000000100000000)
  eden space 16000K, 100% used [0x00000000eb400000,0x00000000ec3a0000,0x00000000ec3a0000)
  from space 2624K, 99% used [0x00000000ec3a0000,0x00000000ec629c90,0x00000000ec630000)
  to   space 2624K, 0% used [0x00000000ec630000,0x00000000ec630000,0x00000000ec8c0000)
 ParOldGen       total 42496K, used 1333K [0x00000000c1c00000, 0x00000000c4580000, 0x00000000eb400000)
  object space 42496K, 3% used [0x00000000c1c00000,0x00000000c1d4d6d0,0x00000000c4580000)
 PSPermGen       total 21248K, used 12840K [0x00000000bca00000, 0x00000000bdec0000, 0x00000000c1c00000)
  object space 21248K, 60% used [0x00000000bca00000,0x00000000bd68a130,0x00000000bdec0000)
Event: 1220.090 GC heap after
Heap after GC invocations=4 (full 0):
 PSYoungGen      total 18624K, used 2605K [0x00000000eb400000, 0x00000000ec8c0000, 0x0000000100000000)
  eden space 16000K, 0% used [0x00000000eb400000,0x00000000eb400000,0x00000000ec3a0000)
  from space 2624K, 99% used [0x00000000ec630000,0x00000000ec8bb420,0x00000000ec8c0000)
  to   space 2624K, 0% used [0x00000000ec3a0000,0x00000000ec3a0000,0x00000000ec630000)
 ParOldGen       total 42496K, used 2390K [0x00000000c1c00000, 0x00000000c4580000, 0x00000000eb400000)
  object space 42496K, 5% used [0x00000000c1c00000,0x00000000c1e55820,0x00000000c4580000)
 PSPermGen       total 21248K, used 12840K [0x00000000bca00000, 0x00000000bdec0000, 0x00000000c1c00000)
  object space 21248K, 60% used [0x00000000bca00000,0x00000000bd68a130,0x00000000bdec0000)
}
Event: 1221.115 GC heap before
{Heap before GC invocations=5 (full 0):
 PSYoungGen      total 18624K, used 18605K [0x00000000eb400000, 0x00000000ec8c0000, 0x0000000100000000)
  eden space 16000K, 100% used [0x00000000eb400000,0x00000000ec3a0000,0x00000000ec3a0000)
  from space 2624K, 99% used [0x00000000ec630000,0x00000000ec8bb420,0x00000000ec8c0000)
  to   space 2624K, 0% used [0x00000000ec3a0000,0x00000000ec3a0000,0x00000000ec630000)
 ParOldGen       total 42496K, used 2390K [0x00000000c1c00000, 0x00000000c4580000, 0x00000000eb400000)
  object space 42496K, 5% used [0x00000000c1c00000,0x00000000c1e55820,0x00000000c4580000)
 PSPermGen       total 21248K, used 12846K [0x00000000bca00000, 0x00000000bdec0000, 0x00000000c1c00000)
  object space 21248K, 60% used [0x00000000bca00000,0x00000000bd68bb18,0x00000000bdec0000)
Event: 1221.119 GC heap after
Heap after GC invocations=5 (full 0):
 PSYoungGen      total 18240K, used 2621K [0x00000000eb400000, 0x00000000eca00000, 0x0000000100000000)
  eden space 15616K, 0% used [0x00000000eb400000,0x00000000eb400000,0x00000000ec340000)
  from space 2624K, 99% used [0x00000000ec3a0000,0x00000000ec62f430,0x00000000ec630000)
  to   space 3456K, 0% used [0x00000000ec6a0000,0x00000000ec6a0000,0x00000000eca00000)
 ParOldGen       total 42496K, used 2398K [0x00000000c1c00000, 0x00000000c4580000, 0x00000000eb400000)
  object space 42496K, 5% used [0x00000000c1c00000,0x00000000c1e57820,0x00000000c4580000)
 PSPermGen       total 21248K, used 12846K [0x00000000bca00000, 0x00000000bdec0000, 0x00000000c1c00000)
  object space 21248K, 60% used [0x00000000bca00000,0x00000000bd68bb18,0x00000000bdec0000)
}
Event: 1222.120 GC heap before
{Heap before GC invocations=6 (full 0):
 PSYoungGen      total 18240K, used 18237K [0x00000000eb400000, 0x00000000eca00000, 0x0000000100000000)
  eden space 15616K, 100% used [0x00000000eb400000,0x00000000ec340000,0x00000000ec340000)
  from space 2624K, 99% used [0x00000000ec3a0000,0x00000000ec62f430,0x00000000ec630000)
  to   space 3456K, 0% used [0x00000000ec6a0000,0x00000000ec6a0000,0x00000000eca00000)
 ParOldGen       total 42496K, used 2398K [0x00000000c1c00000, 0x00000000c4580000, 0x00000000eb400000)
  object space 42496K, 5% used [0x00000000c1c00000,0x00000000c1e57820,0x00000000c4580000)
 PSPermGen       total 21248K, used 12848K [0x00000000bca00000, 0x00000000bdec0000, 0x00000000c1c00000)
  object space 21248K, 60% used [0x00000000bca00000,0x00000000bd68c378,0x00000000bdec0000)
Event: 1222.123 GC heap after
Heap after GC invocations=6 (full 0):
 PSYoungGen      total 18176K, used 2669K [0x00000000eb400000, 0x00000000ec980000, 0x0000000100000000)
  eden space 15232K, 0% used [0x00000000eb400000,0x00000000eb400000,0x00000000ec2e0000)
  from space 2944K, 90% used [0x00000000ec6a0000,0x00000000ec93b420,0x00000000ec980000)
  to   space 3392K, 0% used [0x00000000ec2e0000,0x00000000ec2e0000,0x00000000ec630000)
 ParOldGen       total 42496K, used 2398K [0x00000000c1c00000, 0x00000000c4580000, 0x00000000eb400000)
  object space 42496K, 5% used [0x00000000c1c00000,0x00000000c1e57820,0x00000000c4580000)
 PSPermGen       total 21248K, used 12848K [0x00000000bca00000, 0x00000000bdec0000, 0x00000000c1c00000)
  object space 21248K, 60% used [0x00000000bca00000,0x00000000bd68c378,0x00000000bdec0000)
}
Event: 1223.123 GC heap before
{Heap before GC invocations=7 (full 0):
 PSYoungGen      total 18176K, used 17901K [0x00000000eb400000, 0x00000000ec980000, 0x0000000100000000)
  eden space 15232K, 100% used [0x00000000eb400000,0x00000000ec2e0000,0x00000000ec2e0000)
  from space 2944K, 90% used [0x00000000ec6a0000,0x00000000ec93b420,0x00000000ec980000)
  to   space 3392K, 0% used [0x00000000ec2e0000,0x00000000ec2e0000,0x00000000ec630000)
 ParOldGen       total 42496K, used 2398K [0x00000000c1c00000, 0x00000000c4580000, 0x00000000eb400000)
  object space 42496K, 5% used [0x00000000c1c00000,0x00000000c1e57820,0x00000000c4580000)
 PSPermGen       total 21248K, used 12850K [0x00000000bca00000, 0x00000000bdec0000, 0x00000000c1c00000)
  object space 21248K, 60% used [0x00000000bca00000,0x00000000bd68cb78,0x00000000bdec0000)
Event: 1223.126 GC heap after
Heap after GC invocations=7 (full 0):
 PSYoungGen      total 16768K, used 1837K [0x00000000eb400000, 0x00000000ec950000, 0x0000000100000000)
  eden space 14912K, 0% used [0x00000000eb400000,0x00000000eb400000,0x00000000ec290000)
  from space 1856K, 98% used [0x00000000ec2e0000,0x00000000ec4ab420,0x00000000ec4b0000)
  to   space 3456K, 0% used [0x00000000ec5f0000,0x00000000ec5f0000,0x00000000ec950000)
 ParOldGen       total 42496K, used 3226K [0x00000000c1c00000, 0x00000000c4580000, 0x00000000eb400000)
  object space 42496K, 7% used [0x00000000c1c00000,0x00000000c1f26bb8,0x00000000c4580000)
 PSPermGen       total 21248K, used 12850K [0x00000000bca00000, 0x00000000bdec0000, 0x00000000c1c00000)
  object space 21248K, 60% used [0x00000000bca00000,0x00000000bd68cb78,0x00000000bdec0000)
}
Event: 1224.125 GC heap before
{Heap before GC invocations=8 (full 0):
 PSYoungGen      total 16768K, used 16749K [0x00000000eb400000, 0x00000000ec950000, 0x0000000100000000)
  eden space 14912K, 100% used [0x00000000eb400000,0x00000000ec290000,0x00000000ec290000)
  from space 1856K, 98% used [0x00000000ec2e0000,0x00000000ec4ab420,0x00000000ec4b0000)
  to   space 3456K, 0% used [0x00000000ec5f0000,0x00000000ec5f0000,0x00000000ec950000)
 ParOldGen       total 42496K, used 3226K [0x00000000c1c00000, 0x00000000c4580000, 0x00000000eb400000)
  object space 42496K, 7% used [0x00000000c1c00000,0x00000000c1f26bb8,0x00000000c4580000)
 PSPermGen       total 21248K, used 12851K [0x00000000bca00000, 0x00000000bdec0000, 0x00000000c1c00000)
  object space 21248K, 60% used [0x00000000bca00000,0x00000000bd68ccc0,0x00000000bdec0000)
Event: 1224.126 GC heap after
Heap after GC invocations=8 (full 0):
 PSYoungGen      total 18048K, used 393K [0x00000000eb400000, 0x00000000ec9a0000, 0x0000000100000000)
  eden space 14592K, 0% used [0x00000000eb400000,0x00000000eb400000,0x00000000ec240000)
  from space 3456K, 11% used [0x00000000ec5f0000,0x00000000ec652400,0x00000000ec950000)
  to   space 3776K, 0% used [0x00000000ec240000,0x00000000ec240000,0x00000000ec5f0000)
 ParOldGen       total 42496K, used 4702K [0x00000000c1c00000, 0x00000000c4580000, 0x00000000eb400000)
  object space 42496K, 11% used [0x00000000c1c00000,0x00000000c2097bd8,0x00000000c4580000)
 PSPermGen       total 21248K, used 12851K [0x00000000bca00000, 0x00000000bdec0000, 0x00000000c1c00000)
  object space 21248K, 60% used [0x00000000bca00000,0x00000000bd68ccc0,0x00000000bdec0000)
}

